Added Component: Designator=C4(CAPSMD660X800N)
Added Component: Designator=C6(CAPSMD660X800N)
Added Component: Designator=C9(CAPSMD660X800N)
Added Component: Designator=C10(CAPSMD660X800N)
Added Component: Designator=C12(CAPSMD660X800N)
Added Component: Designator=C13(CAPSMD660X800N)
Added Component: Designator=C14(CAPSMD660X800N)
Added Component: Designator=C15(CAPSMD660X800N)
Added Component: Designator=C16(CAPSMD660X800N)
Added Component: Designator=D1(LEDM2012X80N)
Add component (AddParameter): Name = "ComponentLink1Description"; Value = "Datasheet"; VariantName = "[No Variations]"
Add component (AddParameter): Name = "ComponentLink1URL"; Value = "https://www.smc-diodes.com/propdf/1N4148W%20N0571%20REV.E.pdf"; VariantName = "[No Variations]"
Added Component: Designator=D2(SOD123)
Add component (AddParameter): Name = "ComponentLink1Description"; Value = "Datasheet"; VariantName = "[No Variations]"
Add component (AddParameter): Name = "ComponentLink1URL"; Value = "https://www.smc-diodes.com/propdf/1N4148W%20N0571%20REV.E.pdf"; VariantName = "[No Variations]"
Added Component: Designator=D3(LEDM2012X80N)
Add component (AddParameter): Name = "ComponentLink1Description"; Value = "Datasheet"; VariantName = "[No Variations]"
Add component (AddParameter): Name = "ComponentLink1URL"; Value = "https://www.smc-diodes.com/propdf/1N4148W%20N0571%20REV.E.pdf"; VariantName = "[No Variations]"
Added Component: Designator=D4(LEDM2012X80N)
Add component (AddParameter): Name = "ComponentLink1Description"; Value = "Datasheet"; VariantName = "[No Variations]"
Add component (AddParameter): Name = "ComponentLink1URL"; Value = "https://www.smc-diodes.com/propdf/1N4148W%20N0571%20REV.E.pdf"; VariantName = "[No Variations]"
Added Component: Designator=D5(LEDM2012X80N)
Add component (AddParameter): Name = "ComponentLink1Description"; Value = "Datasheet"; VariantName = "[No Variations]"
Add component (AddParameter): Name = "ComponentLink1URL"; Value = "https://www.smc-diodes.com/propdf/1N4148W%20N0571%20REV.E.pdf"; VariantName = "[No Variations]"
Added Component: Designator=D6(LEDM2012X80N)
Add component (AddParameter): Name = "ComponentLink1Description"; Value = "Datasheet"; VariantName = "[No Variations]"
Add component (AddParameter): Name = "ComponentLink1URL"; Value = "https://www.smc-diodes.com/propdf/1N4148W%20N0571%20REV.E.pdf"; VariantName = "[No Variations]"
Added Component: Designator=D7(LEDM2012X80N)
Add component (AddParameter): Name = "ComponentLink1Description"; Value = "Datasheet"; VariantName = "[No Variations]"
Add component (AddParameter): Name = "ComponentLink1URL"; Value = "https://www.smc-diodes.com/propdf/1N4148W%20N0571%20REV.E.pdf"; VariantName = "[No Variations]"
Added Component: Designator=D8(LEDM2012X80N)
Add component (AddParameter): Name = "ComponentLink1Description"; Value = "Datasheet"; VariantName = "[No Variations]"
Add component (AddParameter): Name = "ComponentLink1URL"; Value = "https://www.smc-diodes.com/propdf/1N4148W%20N0571%20REV.E.pdf"; VariantName = "[No Variations]"
Added Component: Designator=D9(LEDM2012X80N)
Add component (AddParameter): Name = "ComponentLink1Description"; Value = "Datasheet"; VariantName = "[No Variations]"
Add component (AddParameter): Name = "ComponentLink1URL"; Value = "https://www.smc-diodes.com/propdf/1N4148W%20N0571%20REV.E.pdf"; VariantName = "[No Variations]"
Added Component: Designator=D10(LEDM2012X80N)
Add component (AddParameter): Name = "ComponentLink1Description"; Value = "Datasheet"; VariantName = "[No Variations]"
Add component (AddParameter): Name = "ComponentLink1URL"; Value = "https://www.smc-diodes.com/propdf/1N4148W%20N0571%20REV.E.pdf"; VariantName = "[No Variations]"
Added Component: Designator=D11(LEDM2012X80N)
Add component (AddParameter): Name = "ComponentLink1Description"; Value = "Datasheet"; VariantName = "[No Variations]"
Add component (AddParameter): Name = "ComponentLink1URL"; Value = "https://www.smc-diodes.com/propdf/1N4148W%20N0571%20REV.E.pdf"; VariantName = "[No Variations]"
Added Component: Designator=D12(LEDM2012X80N)
Add component (AddParameter): Name = "ComponentLink1Description"; Value = "Datasheet"; VariantName = "[No Variations]"
Add component (AddParameter): Name = "ComponentLink1URL"; Value = "https://www.smc-diodes.com/propdf/1N4148W%20N0571%20REV.E.pdf"; VariantName = "[No Variations]"
Added Component: Designator=D13(LEDM2012X80N)
Add component (AddParameter): Name = "ComponentLink1Description"; Value = "Datasheet"; VariantName = "[No Variations]"
Add component (AddParameter): Name = "ComponentLink1URL"; Value = "https://www.smc-diodes.com/propdf/1N4148W%20N0571%20REV.E.pdf"; VariantName = "[No Variations]"
Added Component: Designator=D14(LEDM2012X80N)
Add component (AddParameter): Name = "ComponentLink1Description"; Value = "Datasheet"; VariantName = "[No Variations]"
Add component (AddParameter): Name = "ComponentLink1URL"; Value = "https://www.smc-diodes.com/propdf/1N4148W%20N0571%20REV.E.pdf"; VariantName = "[No Variations]"
Added Component: Designator=D15_Channel_1_LP(LEDM2012X80N)
Add component (AddParameter): Name = "ComponentLink1Description"; Value = "Datasheet"; VariantName = "[No Variations]"
Add component (AddParameter): Name = "ComponentLink1URL"; Value = "https://www.smc-diodes.com/propdf/1N4148W%20N0571%20REV.E.pdf"; VariantName = "[No Variations]"
Added Component: Designator=D15_Channel_2_LP(LEDM2012X80N)
Add component (AddParameter): Name = "ComponentLink1Description"; Value = "Datasheet"; VariantName = "[No Variations]"
Add component (AddParameter): Name = "ComponentLink1URL"; Value = "https://www.smc-diodes.com/propdf/1N4148W%20N0571%20REV.E.pdf"; VariantName = "[No Variations]"
Added Component: Designator=D15_Channel_3_LP(LEDM2012X80N)
Add component (AddParameter): Name = "ComponentLink1Description"; Value = "Datasheet"; VariantName = "[No Variations]"
Add component (AddParameter): Name = "ComponentLink1URL"; Value = "https://www.smc-diodes.com/propdf/1N4148W%20N0571%20REV.E.pdf"; VariantName = "[No Variations]"
Added Component: Designator=D15_Channel_4_LP(LEDM2012X80N)
Add component (AddParameter): Name = "ComponentLink1Description"; Value = "Datasheet"; VariantName = "[No Variations]"
Add component (AddParameter): Name = "ComponentLink1URL"; Value = "https://www.smc-diodes.com/propdf/1N4148W%20N0571%20REV.E.pdf"; VariantName = "[No Variations]"
Added Component: Designator=D15_Channel_5_LP(LEDM2012X80N)
Add component (AddParameter): Name = "ComponentLink1Description"; Value = "Datasheet"; VariantName = "[No Variations]"
Add component (AddParameter): Name = "ComponentLink1URL"; Value = "https://www.smc-diodes.com/propdf/1N4148W%20N0571%20REV.E.pdf"; VariantName = "[No Variations]"
Added Component: Designator=D15_Channel_6_LP(LEDM2012X80N)
Add component (AddParameter): Name = "ComponentLink1Description"; Value = "Datasheet"; VariantName = "[No Variations]"
Add component (AddParameter): Name = "ComponentLink1URL"; Value = "https://www.smc-diodes.com/propdf/1N4148W%20N0571%20REV.E.pdf"; VariantName = "[No Variations]"
Added Component: Designator=D15_Channel_7_LP(LEDM2012X80N)
Add component (AddParameter): Name = "ComponentLink1Description"; Value = "Datasheet"; VariantName = "[No Variations]"
Add component (AddParameter): Name = "ComponentLink1URL"; Value = "https://www.smc-diodes.com/propdf/1N4148W%20N0571%20REV.E.pdf"; VariantName = "[No Variations]"
Added Component: Designator=D15_Channel_8_LP(LEDM2012X80N)
Add component (AddParameter): Name = "ComponentLink1Description"; Value = "Datasheet"; VariantName = "[No Variations]"
Add component (AddParameter): Name = "ComponentLink1URL"; Value = "https://www.smc-diodes.com/propdf/1N4148W%20N0571%20REV.E.pdf"; VariantName = "[No Variations]"
Add Component: Footprint Not Found HEADER_2X18
Add Component: Footprint Not Found HEADER_2X18
Added Component: Designator=H3(Header_1X2)
Added Component: Designator=H4(Header_1X3)
Added Component: Designator=H5(Header_1X2)
Added Component: Designator=H6(Header_1X2)
Added Component: Designator=H7(Header_1X2)
Added Component: Designator=H8(Header_1X8)
Added Component: Designator=H9(Header_1X12)
Added Component: Designator=H10(Header_1X2)
Added Component: Designator=H11(Header_1X6)
Added Component: Designator=H12(Header_1X2)
Added Component: Designator=H13(Header_1X8)
Added Component: Designator=H14(Header_1X2)
Added Component: Designator=H15(Header_1X2)
Added Component: Designator=H16(Header_1X2)
Added Component: Designator=H17(Header_1X2)
Added Component: Designator=H18(Header_1X4)
Added Component: Designator=H19(Header_1X2)
Added Component: Designator=H20(Header_1X2)
Added Component: Designator=H21(Header_1X2)
Added Component: Designator=H22(Header_1X6)
Added Component: Designator=H23(Header_1X2)
Added Component: Designator=H24(Header_1X2)
Added Component: Designator=H25(Header_1X2)
Added Component: Designator=H26(Header_1X2)
Added Component: Designator=H27_Channel_1_LP(Header_1X3)
Added Component: Designator=H27_Channel_2_LP(Header_1X3)
Added Component: Designator=H27_Channel_3_LP(Header_1X3)
Added Component: Designator=H27_Channel_4_LP(Header_1X3)
Added Component: Designator=H27_Channel_5_LP(Header_1X3)
Added Component: Designator=H27_Channel_6_LP(Header_1X3)
Added Component: Designator=H27_Channel_7_LP(Header_1X3)
Added Component: Designator=H27_Channel_8_LP(Header_1X3)
Add Component: Footprint Not Found DIP8
Add Component: Footprint Not Found DIP8
Add Component: Footprint Not Found DIP8
Add Component: Footprint Not Found DIP8
Add Component: Footprint Not Found DIP8
Add Component: Footprint Not Found DIP8
Add Component: Footprint Not Found DIP8
Add Component: Footprint Not Found DIP8
Add Component: Footprint Not Found DIP8
Add Component: Footprint Not Found DIP8
Add Component: Footprint Not Found KCDX5SS2
Added Component: Designator=J2(Barrier Terminal P=8.25mm)
Add Component: Footprint Not Found KCDX5SS2
Added Component: Designator=J4(SHDR2W70P0X500_1X2_1000X750X1160P)
Add component (AddParameter): Name = "Arrow Part Number"; Value = ""; VariantName = "[No Variations]"
Add component (AddParameter): Name = "Arrow Price/Stock"; Value = ""; VariantName = "[No Variations]"
Add component (AddParameter): Name = "Datasheet Link"; Value = "https://katalog.we-online.com/em/datasheet/691137710002.pdf"; VariantName = "[No Variations]"
Add component (AddParameter): Name = "Height"; Value = "11.6mm"; VariantName = "[No Variations]"
Add component (AddParameter): Name = "Manufacturer_Name"; Value = "Wurth Elektronik"; VariantName = "[No Variations]"
Add component (AddParameter): Name = "Manufacturer_Part_Number"; Value = "691137710002"; VariantName = "[No Variations]"
Add component (AddParameter): Name = "Mouser Part Number"; Value = "710-691137710002"; VariantName = "[No Variations]"
Add component (AddParameter): Name = "Mouser Price/Stock"; Value = "https://www.mouser.co.uk/ProductDetail/Wurth-Elektronik/691137710002?qs=lBTPRtX1sU9LnHBbviNKGA%3D%3D"; VariantName = "[No Variations]"
Added Component: Designator=J5(SHDR2W70P0X500_1X2_1000X750X1160P)
Add component (AddParameter): Name = "Arrow Part Number"; Value = ""; VariantName = "[No Variations]"
Add component (AddParameter): Name = "Arrow Price/Stock"; Value = ""; VariantName = "[No Variations]"
Add component (AddParameter): Name = "Datasheet Link"; Value = "https://katalog.we-online.com/em/datasheet/691137710002.pdf"; VariantName = "[No Variations]"
Add component (AddParameter): Name = "Height"; Value = "11.6mm"; VariantName = "[No Variations]"
Add component (AddParameter): Name = "Manufacturer_Name"; Value = "Wurth Elektronik"; VariantName = "[No Variations]"
Add component (AddParameter): Name = "Manufacturer_Part_Number"; Value = "691137710002"; VariantName = "[No Variations]"
Add component (AddParameter): Name = "Mouser Part Number"; Value = "710-691137710002"; VariantName = "[No Variations]"
Add component (AddParameter): Name = "Mouser Price/Stock"; Value = "https://www.mouser.co.uk/ProductDetail/Wurth-Elektronik/691137710002?qs=lBTPRtX1sU9LnHBbviNKGA%3D%3D"; VariantName = "[No Variations]"
Added Component: Designator=J6(Barrier Terminal P=8.25mm)
Added Component: Designator=J7(Barrier Terminal P=8.25mm)
Added Component: Designator=Q1(SOT23)
Add component (AddParameter): Name = "ComponentLink1Description"; Value = "Datasheet"; VariantName = "[No Variations]"
Add component (AddParameter): Name = "ComponentLink1URL"; Value = "https://www.mccsemi.com/pdf/Products/BSS138(SOT-23).pdf"; VariantName = "[No Variations]"
Added Component: Designator=R8(RESC0603)
Added Component: Designator=R30(RESC0603)
Added Component: Designator=R31(RESC0603)
Added Component: Designator=R32(RESC0603)
Added Component: Designator=R33(RESC0603)
Added Component: Designator=R34(RESC0603)
Added Component: Designator=R35(RESC0603)
Added Component: Designator=R36(RESC0603)
Added Component: Designator=R37(RESC0603)
Added Component: Designator=R38(RESC0603)
Added Component: Designator=R39(RESC0603)
Added Component: Designator=R40(RESC0603)
Added Component: Designator=R41(RESC0603)
Added Component: Designator=R50_Channel_1_LP(RESC0603)
Added Component: Designator=R50_Channel_2_LP(RESC0603)
Added Component: Designator=R50_Channel_3_LP(RESC0603)
Added Component: Designator=R50_Channel_4_LP(RESC0603)
Added Component: Designator=R50_Channel_5_LP(RESC0603)
Added Component: Designator=R50_Channel_6_LP(RESC0603)
Added Component: Designator=R50_Channel_7_LP(RESC0603)
Added Component: Designator=R50_Channel_8_LP(RESC0603)
Add Component: Footprint Not Found SLW126894AND
Add Component: Footprint Not Found SLW126894AND
Add Component: Footprint Not Found SLW126894AND
Add Component: Footprint Not Found SLW126894AND
Add Component: Footprint Not Found SLW126894AND
Add Component: Footprint Not Found SLW126894AND
Add Component: Footprint Not Found SLW126894AND
Add Component: Footprint Not Found SLW126894AND
Added Component: Designator=U1(TO-220-5)
Add component (AddParameter): Name = "Arrow Part Number"; Value = "LM1875T/NOPB"; VariantName = "[No Variations]"
Add component (AddParameter): Name = "Arrow Price/Stock"; Value = "https://www.arrow.com/en/products/lm1875tnopb/texas-instruments?region=europe"; VariantName = "[No Variations]"
Add component (AddParameter): Name = "Datasheet Link"; Value = "https://datasheet.lcsc.com/szlcsc/Texas-Instruments-TI-LM1875T-NOPB_C9666.pdf"; VariantName = "[No Variations]"
Add component (AddParameter): Name = "Height"; Value = "4.7mm"; VariantName = "[No Variations]"
Add component (AddParameter): Name = "Manufacturer_Name"; Value = "Texas Instruments"; VariantName = "[No Variations]"
Add component (AddParameter): Name = "Manufacturer_Part_Number"; Value = "LM1875T/NOPB"; VariantName = "[No Variations]"
Add component (AddParameter): Name = "Mouser Part Number"; Value = "926-LM1875T/NOPB"; VariantName = "[No Variations]"
Add component (AddParameter): Name = "Mouser Price/Stock"; Value = "https://www.mouser.co.uk/ProductDetail/Texas-Instruments/LM1875T-NOPB?qs=X1J7HmVL2ZFo7ifmvYS%252B%252Bw%3D%3D"; VariantName = "[No Variations]"
Add Component: Footprint Not Found SC70-5
Add Component: Footprint Not Found TO254P470X1028X1955-3P
Added Pin To Net: NetName=+15 Pin=C4-1
Added Pin To Net: NetName=+15 Pin=C15-1
Added Pin To Net: NetName=+15 Pin=C16-1
Added Pin To Net: NetName=+15 Pin=H23-1
Added Pin To Net: NetName=+15 Pin=J4-1
Added Pin To Net: NetName=+15 Pin=J6-1
Added Pin To Net: NetName=+15 Pin=U1-5
Added Net: Name=+15
Added Pin To Net: NetName=-15 Pin=C10-2
Added Pin To Net: NetName=-15 Pin=C13-2
Added Pin To Net: NetName=-15 Pin=C14-2
Added Pin To Net: NetName=-15 Pin=H24-1
Added Pin To Net: NetName=-15 Pin=J5-1
Added Pin To Net: NetName=-15 Pin=J7-1
Added Pin To Net: NetName=-15 Pin=U1-3
Added Net: Name=-15
Added Pin To Net: NetName=3V3 Pin=H8-4
Added Pin To Net: NetName=3V3 Pin=H18-1
Added Net: Name=3V3
Added Pin To Net: NetName=5V Pin=H8-5
Added Pin To Net: NetName=5V Pin=H25-1
Added Pin To Net: NetName=5V Pin=H26-1
Added Net: Name=5V
Added Net: Name=AGND
Added Pin To Net: NetName=AVDD Pin=H9-3
Added Net: Name=AVDD
Added Net: Name=BOOT0
Added Net: Name=E5V
Added Pin To Net: NetName=GND Pin=C4-2
Added Pin To Net: NetName=GND Pin=C9-2
Added Pin To Net: NetName=GND Pin=C10-1
Added Pin To Net: NetName=GND Pin=C12-2
Added Pin To Net: NetName=GND Pin=C13-1
Added Pin To Net: NetName=GND Pin=C14-1
Added Pin To Net: NetName=GND Pin=C15-2
Added Pin To Net: NetName=GND Pin=C16-2
Added Pin To Net: NetName=GND Pin=D1-1
Added Pin To Net: NetName=GND Pin=D3-1
Added Pin To Net: NetName=GND Pin=D4-1
Added Pin To Net: NetName=GND Pin=D5-1
Added Pin To Net: NetName=GND Pin=D6-1
Added Pin To Net: NetName=GND Pin=D7-1
Added Pin To Net: NetName=GND Pin=D8-1
Added Pin To Net: NetName=GND Pin=D9-1
Added Pin To Net: NetName=GND Pin=D10-1
Added Pin To Net: NetName=GND Pin=D11-1
Added Pin To Net: NetName=GND Pin=D12-1
Added Pin To Net: NetName=GND Pin=D13-1
Added Pin To Net: NetName=GND Pin=D14-1
Added Pin To Net: NetName=GND Pin=D15_Channel_1_LP-1
Added Pin To Net: NetName=GND Pin=D15_Channel_2_LP-1
Added Pin To Net: NetName=GND Pin=D15_Channel_3_LP-1
Added Pin To Net: NetName=GND Pin=D15_Channel_4_LP-1
Added Pin To Net: NetName=GND Pin=D15_Channel_5_LP-1
Added Pin To Net: NetName=GND Pin=D15_Channel_6_LP-1
Added Pin To Net: NetName=GND Pin=D15_Channel_7_LP-1
Added Pin To Net: NetName=GND Pin=D15_Channel_8_LP-1
Added Pin To Net: NetName=GND Pin=H3-2
Added Pin To Net: NetName=GND Pin=H5-2
Added Pin To Net: NetName=GND Pin=H6-2
Added Pin To Net: NetName=GND Pin=H7-2
Added Pin To Net: NetName=GND Pin=H8-6
Added Pin To Net: NetName=GND Pin=H8-7
Added Pin To Net: NetName=GND Pin=H9-4
Added Pin To Net: NetName=GND Pin=H10-2
Added Pin To Net: NetName=GND Pin=H12-2
Added Pin To Net: NetName=GND Pin=H14-2
Added Pin To Net: NetName=GND Pin=H15-2
Added Pin To Net: NetName=GND Pin=H17-2
Added Pin To Net: NetName=GND Pin=H18-4
Added Pin To Net: NetName=GND Pin=H20-2
Added Pin To Net: NetName=GND Pin=H21-2
Added Pin To Net: NetName=GND Pin=H22-6
Added Pin To Net: NetName=GND Pin=H23-2
Added Pin To Net: NetName=GND Pin=H24-2
Added Pin To Net: NetName=GND Pin=H25-2
Added Pin To Net: NetName=GND Pin=H26-2
Added Pin To Net: NetName=GND Pin=J2-2
Added Pin To Net: NetName=GND Pin=J4-2
Added Pin To Net: NetName=GND Pin=J5-2
Added Pin To Net: NetName=GND Pin=J6-2
Added Pin To Net: NetName=GND Pin=J7-2
Added Pin To Net: NetName=GND Pin=Q1-2
Added Net: Name=GND
Added Pin To Net: NetName=IOREF Pin=H8-2
Added Net: Name=IOREF
Added Pin To Net: NetName=MASTER_OUT Pin=C6-1
Added Pin To Net: NetName=MASTER_OUT Pin=H6-1
Added Pin To Net: NetName=MASTER_OUT Pin=R8-1
Added Net: Name=MASTER_OUT
Added Pin To Net: NetName=MIXER_OUT Pin=H4-2
Added Pin To Net: NetName=MIXER_OUT Pin=H5-1
Added Net: Name=MIXER_OUT
Added Net: Name=NetC1_2
Added Pin To Net: NetName=NetC6_2 Pin=C6-2
Added Pin To Net: NetName=NetC6_2 Pin=U1-1
Added Net: Name=NetC6_2
Added Pin To Net: NetName=NetC9_1 Pin=C9-1
Added Net: Name=NetC9_1
Added Pin To Net: NetName=NetC12_1 Pin=C12-1
Added Net: Name=NetC12_1
Added Net: Name=NetC19_Channel_1_LP_1
Added Net: Name=NetC19_Channel_1_LP_2
Added Net: Name=NetC19_Channel_2_LP_1
Added Net: Name=NetC19_Channel_2_LP_2
Added Net: Name=NetC19_Channel_3_LP_1
Added Net: Name=NetC19_Channel_3_LP_2
Added Net: Name=NetC19_Channel_4_LP_1
Added Net: Name=NetC19_Channel_4_LP_2
Added Net: Name=NetC19_Channel_5_LP_1
Added Net: Name=NetC19_Channel_5_LP_2
Added Net: Name=NetC19_Channel_6_LP_1
Added Net: Name=NetC19_Channel_6_LP_2
Added Net: Name=NetC19_Channel_7_LP_1
Added Net: Name=NetC19_Channel_7_LP_2
Added Net: Name=NetC19_Channel_8_LP_1
Added Net: Name=NetC19_Channel_8_LP_2
Added Net: Name=NetC20_Channel_1_LP_1
Added Net: Name=NetC20_Channel_2_LP_1
Added Net: Name=NetC20_Channel_3_LP_1
Added Net: Name=NetC20_Channel_4_LP_1
Added Net: Name=NetC20_Channel_5_LP_1
Added Net: Name=NetC20_Channel_6_LP_1
Added Net: Name=NetC20_Channel_7_LP_1
Added Net: Name=NetC20_Channel_8_LP_1
Added Net: Name=NetC21_Channel_1_LP_2
Added Net: Name=NetC21_Channel_2_LP_2
Added Net: Name=NetC21_Channel_3_LP_2
Added Net: Name=NetC21_Channel_4_LP_2
Added Net: Name=NetC21_Channel_5_LP_2
Added Net: Name=NetC21_Channel_6_LP_2
Added Net: Name=NetC21_Channel_7_LP_2
Added Net: Name=NetC21_Channel_8_LP_2
Added Pin To Net: NetName=NetD1_2 Pin=D1-2
Added Pin To Net: NetName=NetD1_2 Pin=R8-2
Added Net: Name=NetD1_2
Added Pin To Net: NetName=NetD2_1 Pin=D2-1
Added Net: Name=NetD2_1
Added Pin To Net: NetName=NetD2_2 Pin=D2-2
Added Pin To Net: NetName=NetD2_2 Pin=H16-2
Added Net: Name=NetD2_2
Added Pin To Net: NetName=NetD3_2 Pin=D3-2
Added Pin To Net: NetName=NetD3_2 Pin=R30-2
Added Net: Name=NetD3_2
Added Pin To Net: NetName=NetD4_2 Pin=D4-2
Added Pin To Net: NetName=NetD4_2 Pin=R31-2
Added Net: Name=NetD4_2
Added Pin To Net: NetName=NetD5_2 Pin=D5-2
Added Pin To Net: NetName=NetD5_2 Pin=R32-2
Added Net: Name=NetD5_2
Added Pin To Net: NetName=NetD6_2 Pin=D6-2
Added Pin To Net: NetName=NetD6_2 Pin=R33-2
Added Net: Name=NetD6_2
Added Pin To Net: NetName=NetD7_2 Pin=D7-2
Added Pin To Net: NetName=NetD7_2 Pin=R34-2
Added Net: Name=NetD7_2
Added Pin To Net: NetName=NetD8_2 Pin=D8-2
Added Pin To Net: NetName=NetD8_2 Pin=R35-2
Added Net: Name=NetD8_2
Added Pin To Net: NetName=NetD9_2 Pin=D9-2
Added Pin To Net: NetName=NetD9_2 Pin=R36-2
Added Net: Name=NetD9_2
Added Pin To Net: NetName=NetD10_2 Pin=D10-2
Added Pin To Net: NetName=NetD10_2 Pin=R37-2
Added Net: Name=NetD10_2
Added Pin To Net: NetName=NetD11_2 Pin=D11-2
Added Pin To Net: NetName=NetD11_2 Pin=R38-2
Added Net: Name=NetD11_2
Added Pin To Net: NetName=NetD12_2 Pin=D12-2
Added Pin To Net: NetName=NetD12_2 Pin=R39-2
Added Net: Name=NetD12_2
Added Pin To Net: NetName=NetD13_2 Pin=D13-2
Added Pin To Net: NetName=NetD13_2 Pin=R40-2
Added Net: Name=NetD13_2
Added Pin To Net: NetName=NetD14_2 Pin=D14-2
Added Pin To Net: NetName=NetD14_2 Pin=R41-2
Added Net: Name=NetD14_2
Added Pin To Net: NetName=NetD15_Channel_1_LP_2 Pin=D15_Channel_1_LP-2
Added Pin To Net: NetName=NetD15_Channel_1_LP_2 Pin=R50_Channel_1_LP-2
Added Net: Name=NetD15_Channel_1_LP_2
Added Pin To Net: NetName=NetD15_Channel_2_LP_2 Pin=D15_Channel_2_LP-2
Added Pin To Net: NetName=NetD15_Channel_2_LP_2 Pin=R50_Channel_2_LP-2
Added Net: Name=NetD15_Channel_2_LP_2
Added Pin To Net: NetName=NetD15_Channel_3_LP_2 Pin=D15_Channel_3_LP-2
Added Pin To Net: NetName=NetD15_Channel_3_LP_2 Pin=R50_Channel_3_LP-2
Added Net: Name=NetD15_Channel_3_LP_2
Added Pin To Net: NetName=NetD15_Channel_4_LP_2 Pin=D15_Channel_4_LP-2
Added Pin To Net: NetName=NetD15_Channel_4_LP_2 Pin=R50_Channel_4_LP-2
Added Net: Name=NetD15_Channel_4_LP_2
Added Pin To Net: NetName=NetD15_Channel_5_LP_2 Pin=D15_Channel_5_LP-2
Added Pin To Net: NetName=NetD15_Channel_5_LP_2 Pin=R50_Channel_5_LP-2
Added Net: Name=NetD15_Channel_5_LP_2
Added Pin To Net: NetName=NetD15_Channel_6_LP_2 Pin=D15_Channel_6_LP-2
Added Pin To Net: NetName=NetD15_Channel_6_LP_2 Pin=R50_Channel_6_LP-2
Added Net: Name=NetD15_Channel_6_LP_2
Added Pin To Net: NetName=NetD15_Channel_7_LP_2 Pin=D15_Channel_7_LP-2
Added Pin To Net: NetName=NetD15_Channel_7_LP_2 Pin=R50_Channel_7_LP-2
Added Net: Name=NetD15_Channel_7_LP_2
Added Pin To Net: NetName=NetD15_Channel_8_LP_2 Pin=D15_Channel_8_LP-2
Added Pin To Net: NetName=NetD15_Channel_8_LP_2 Pin=R50_Channel_8_LP-2
Added Net: Name=NetD15_Channel_8_LP_2
Added Pin To Net: NetName=NetH4_1 Pin=H4-1
Added Net: Name=NetH4_1
Added Pin To Net: NetName=NetH4_3 Pin=H4-3
Added Net: Name=NetH4_3
Added Pin To Net: NetName=NetH16_1 Pin=H16-1
Added Net: Name=NetH16_1
Added Pin To Net: NetName=NetH18_2 Pin=H18-2
Added Net: Name=NetH18_2
Added Pin To Net: NetName=NetH18_3 Pin=H18-3
Added Net: Name=NetH18_3
Added Pin To Net: NetName=NetH19_1 Pin=H19-1
Added Net: Name=NetH19_1
Added Pin To Net: NetName=NetH19_2 Pin=H19-2
Added Net: Name=NetH19_2
Added Pin To Net: NetName=NetH21_1 Pin=H21-1
Added Net: Name=NetH21_1
Added Pin To Net: NetName=NetH22_2 Pin=H22-2
Added Net: Name=NetH22_2
Added Pin To Net: NetName=NetH22_3 Pin=H22-3
Added Net: Name=NetH22_3
Added Pin To Net: NetName=NetH27_Channel_1_LP_1 Pin=H27_Channel_1_LP-1
Added Net: Name=NetH27_Channel_1_LP_1
Added Pin To Net: NetName=NetH27_Channel_1_LP_2 Pin=H27_Channel_1_LP-2
Added Pin To Net: NetName=NetH27_Channel_1_LP_2 Pin=R50_Channel_1_LP-1
Added Net: Name=NetH27_Channel_1_LP_2
Added Pin To Net: NetName=NetH27_Channel_1_LP_3 Pin=H27_Channel_1_LP-3
Added Net: Name=NetH27_Channel_1_LP_3
Added Pin To Net: NetName=NetH27_Channel_2_LP_1 Pin=H27_Channel_2_LP-1
Added Net: Name=NetH27_Channel_2_LP_1
Added Pin To Net: NetName=NetH27_Channel_2_LP_2 Pin=H27_Channel_2_LP-2
Added Pin To Net: NetName=NetH27_Channel_2_LP_2 Pin=R50_Channel_2_LP-1
Added Net: Name=NetH27_Channel_2_LP_2
Added Pin To Net: NetName=NetH27_Channel_2_LP_3 Pin=H27_Channel_2_LP-3
Added Net: Name=NetH27_Channel_2_LP_3
Added Pin To Net: NetName=NetH27_Channel_3_LP_1 Pin=H27_Channel_3_LP-1
Added Net: Name=NetH27_Channel_3_LP_1
Added Pin To Net: NetName=NetH27_Channel_3_LP_2 Pin=H27_Channel_3_LP-2
Added Pin To Net: NetName=NetH27_Channel_3_LP_2 Pin=R50_Channel_3_LP-1
Added Net: Name=NetH27_Channel_3_LP_2
Added Pin To Net: NetName=NetH27_Channel_3_LP_3 Pin=H27_Channel_3_LP-3
Added Net: Name=NetH27_Channel_3_LP_3
Added Pin To Net: NetName=NetH27_Channel_4_LP_1 Pin=H27_Channel_4_LP-1
Added Net: Name=NetH27_Channel_4_LP_1
Added Pin To Net: NetName=NetH27_Channel_4_LP_2 Pin=H27_Channel_4_LP-2
Added Pin To Net: NetName=NetH27_Channel_4_LP_2 Pin=R50_Channel_4_LP-1
Added Net: Name=NetH27_Channel_4_LP_2
Added Pin To Net: NetName=NetH27_Channel_4_LP_3 Pin=H27_Channel_4_LP-3
Added Net: Name=NetH27_Channel_4_LP_3
Added Pin To Net: NetName=NetH27_Channel_5_LP_1 Pin=H27_Channel_5_LP-1
Added Net: Name=NetH27_Channel_5_LP_1
Added Pin To Net: NetName=NetH27_Channel_5_LP_2 Pin=H27_Channel_5_LP-2
Added Pin To Net: NetName=NetH27_Channel_5_LP_2 Pin=R50_Channel_5_LP-1
Added Net: Name=NetH27_Channel_5_LP_2
Added Pin To Net: NetName=NetH27_Channel_5_LP_3 Pin=H27_Channel_5_LP-3
Added Net: Name=NetH27_Channel_5_LP_3
Added Pin To Net: NetName=NetH27_Channel_6_LP_1 Pin=H27_Channel_6_LP-1
Added Net: Name=NetH27_Channel_6_LP_1
Added Pin To Net: NetName=NetH27_Channel_6_LP_2 Pin=H27_Channel_6_LP-2
Added Pin To Net: NetName=NetH27_Channel_6_LP_2 Pin=R50_Channel_6_LP-1
Added Net: Name=NetH27_Channel_6_LP_2
Added Pin To Net: NetName=NetH27_Channel_6_LP_3 Pin=H27_Channel_6_LP-3
Added Net: Name=NetH27_Channel_6_LP_3
Added Pin To Net: NetName=NetH27_Channel_7_LP_1 Pin=H27_Channel_7_LP-1
Added Net: Name=NetH27_Channel_7_LP_1
Added Pin To Net: NetName=NetH27_Channel_7_LP_2 Pin=H27_Channel_7_LP-2
Added Pin To Net: NetName=NetH27_Channel_7_LP_2 Pin=R50_Channel_7_LP-1
Added Net: Name=NetH27_Channel_7_LP_2
Added Pin To Net: NetName=NetH27_Channel_7_LP_3 Pin=H27_Channel_7_LP-3
Added Net: Name=NetH27_Channel_7_LP_3
Added Pin To Net: NetName=NetH27_Channel_8_LP_1 Pin=H27_Channel_8_LP-1
Added Net: Name=NetH27_Channel_8_LP_1
Added Pin To Net: NetName=NetH27_Channel_8_LP_2 Pin=H27_Channel_8_LP-2
Added Pin To Net: NetName=NetH27_Channel_8_LP_2 Pin=R50_Channel_8_LP-1
Added Net: Name=NetH27_Channel_8_LP_2
Added Pin To Net: NetName=NetH27_Channel_8_LP_3 Pin=H27_Channel_8_LP-3
Added Net: Name=NetH27_Channel_8_LP_3
Added Net: Name=NetIC1_5
Added Net: Name=NetIC1_6
Added Net: Name=NetIC2_7
Added Net: Name=NetIC3_Channel_1_LP_2
Added Net: Name=NetIC3_Channel_1_LP_6
Added Net: Name=NetIC3_Channel_2_LP_2
Added Net: Name=NetIC3_Channel_2_LP_6
Added Net: Name=NetIC3_Channel_3_LP_2
Added Net: Name=NetIC3_Channel_3_LP_6
Added Net: Name=NetIC3_Channel_4_LP_2
Added Net: Name=NetIC3_Channel_4_LP_6
Added Net: Name=NetIC3_Channel_5_LP_2
Added Net: Name=NetIC3_Channel_5_LP_6
Added Net: Name=NetIC3_Channel_6_LP_2
Added Net: Name=NetIC3_Channel_6_LP_6
Added Net: Name=NetIC3_Channel_7_LP_2
Added Net: Name=NetIC3_Channel_7_LP_6
Added Net: Name=NetIC3_Channel_8_LP_2
Added Net: Name=NetIC3_Channel_8_LP_6
Added Pin To Net: NetName=NetQ1_1 Pin=Q1-1
Added Net: Name=NetQ1_1
Added Pin To Net: NetName=NetQ1_3 Pin=Q1-3
Added Net: Name=NetQ1_3
Added Pin To Net: NetName=NetR25_2 Pin=U1-2
Added Net: Name=NetR25_2
Added Pin To Net: NetName=PA0 Pin=H11-1
Added Net: Name=PA0
Added Pin To Net: NetName=PA1 Pin=H11-2
Added Net: Name=PA1
Added Pin To Net: NetName=PA5 Pin=H9-5
Added Pin To Net: NetName=PA5 Pin=H20-1
Added Net: Name=PA5
Added Pin To Net: NetName=PA6 Pin=H9-6
Added Net: Name=PA6
Added Pin To Net: NetName=PA7 Pin=H9-7
Added Net: Name=PA7
Added Pin To Net: NetName=PA8 Pin=H13-1
Added Net: Name=PA8
Added Net: Name=PA9
Added Net: Name=PA10
Added Net: Name=PA11
Added Net: Name=PA12
Added Net: Name=PA13
Added Net: Name=PA14
Added Pin To Net: NetName=PA15 Pin=R32-1
Added Net: Name=PA15
Added Pin To Net: NetName=PB0 Pin=H11-4
Added Net: Name=PB0
Added Pin To Net: NetName=PB1 Pin=H11-3
Added Net: Name=PB1
Added Net: Name=PB2
Added Pin To Net: NetName=PB3 Pin=H13-5
Added Net: Name=PB3
Added Pin To Net: NetName=PB4 Pin=H13-3
Added Net: Name=PB4
Added Pin To Net: NetName=PB5 Pin=H13-4
Added Net: Name=PB5
Added Pin To Net: NetName=PB6 Pin=H9-1
Added Pin To Net: NetName=PB6 Pin=H14-1
Added Net: Name=PB6
Added Pin To Net: NetName=PB7 Pin=H9-2
Added Pin To Net: NetName=PB7 Pin=H15-1
Added Net: Name=PB7
Added Pin To Net: NetName=PB8 Pin=H17-1
Added Net: Name=PB8
Added Pin To Net: NetName=PB10 Pin=H13-2
Added Net: Name=PB10
Added Net: Name=PB12
Added Net: Name=PB13
Added Pin To Net: NetName=PB14 Pin=H13-7
Added Net: Name=PB14
Added Pin To Net: NetName=PB15 Pin=H13-8
Added Net: Name=PB15
Added Pin To Net: NetName=PC0 Pin=H11-6
Added Pin To Net: NetName=PC0 Pin=R41-1
Added Net: Name=PC0
Added Pin To Net: NetName=PC1 Pin=H11-5
Added Pin To Net: NetName=PC1 Pin=R40-1
Added Net: Name=PC1
Added Pin To Net: NetName=PC2 Pin=R38-1
Added Net: Name=PC2
Added Pin To Net: NetName=PC3 Pin=R39-1
Added Net: Name=PC3
Added Net: Name=PC4
Added Net: Name=PC5
Added Pin To Net: NetName=PC6 Pin=H7-1
Added Pin To Net: NetName=PC6 Pin=H9-9
Added Net: Name=PC6
Added Pin To Net: NetName=PC7 Pin=H9-10
Added Pin To Net: NetName=PC7 Pin=H10-1
Added Net: Name=PC7
Added Pin To Net: NetName=PC8 Pin=H12-1
Added Pin To Net: NetName=PC8 Pin=H13-6
Added Net: Name=PC8
Added Pin To Net: NetName=PC9 Pin=H3-1
Added Pin To Net: NetName=PC9 Pin=H9-8
Added Net: Name=PC9
Added Pin To Net: NetName=PC10 Pin=R30-1
Added Net: Name=PC10
Added Net: Name=PC11
Added Pin To Net: NetName=PC12 Pin=R31-1
Added Net: Name=PC12
Added Pin To Net: NetName=PC13 Pin=R33-1
Added Net: Name=PC13
Added Pin To Net: NetName=PC14 Pin=R34-1
Added Net: Name=PC14
Added Pin To Net: NetName=PC15 Pin=R35-1
Added Net: Name=PC15
Added Net: Name=PD2
Added Pin To Net: NetName=PF0 Pin=R36-1
Added Net: Name=PF0
Added Pin To Net: NetName=PF1 Pin=R37-1
Added Net: Name=PF1
Added Pin To Net: NetName=SPEAKER_OUT Pin=J2-1
Added Pin To Net: NetName=SPEAKER_OUT Pin=U1-4
Added Net: Name=SPEAKER_OUT
Added Pin To Net: NetName=T_NRST Pin=H8-3
Added Net: Name=T_NRST
Added Net: Name=VBAT
Added Net: Name=VBUS_STLK
Added Net: Name=VDD
Added Pin To Net: NetName=VIN Pin=H8-8
Added Net: Name=VIN
Added Class: Name=Channel_1_LP
Added Class: Name=Channel_2_LP
Added Class: Name=Channel_3_LP
Added Class: Name=Channel_4_LP
Added Class: Name=Channel_5_LP
Added Class: Name=Channel_6_LP
Added Class: Name=Channel_7_LP
Added Class: Name=Channel_8_LP
Added Class: Name=MIDI_Synthesizer
Added Class: Name=Low_Pass_Filter
Added Rule: Name=Schematic Supply Nets
Added Rule: Name=Schematic Supply Nets_1
Added Rule: Name=Schematic Supply Nets_2
Added Rule: Name=Schematic Supply Nets_3
Added Rule: Name=Schematic Supply Nets_4
Added Rule: Name=Schematic Supply Nets_5
Added Rule: Name=Schematic Supply Nets_6
Added Rule: Name=Schematic Supply Nets_7
Added Rule: Name=Schematic Supply Nets_8
Added Rule: Name=Schematic Supply Nets_9
Added Rule: Name=Schematic Supply Nets_10
Added Rule: Name=Schematic Supply Nets_11
Added Rule: Name=Schematic Supply Nets_12
