Change Component Footprint: Designator=C2 Old Footprint=CAP0603 New Footprint=CAP0805
Change Component Footprint: Designator=C3 Old Footprint=CAP0603 New Footprint=CAP0805
Change Component Footprint: Designator=C5 Old Footprint=CAP0603 New Footprint=CAP0805
Change Component Footprint: Designator=C7 Old Footprint=CAP0603 New Footprint=CAP0805
Change Component Footprint: Designator=C8 Old Footprint=CAP0603 New Footprint=CAP0805
Change Component Footprint: Designator=C11 Old Footprint=CAP0603 New Footprint=CAP0805
Change Component Footprint: Designator=C22_A Old Footprint=CAP0603 New Footprint=CAP0805
Change Component Footprint: Designator=C22_B Old Footprint=CAP0603 New Footprint=CAP0805
Change Component Footprint: Designator=C22_C Old Footprint=CAP0603 New Footprint=CAP0805
Change Component Footprint: Designator=C22_D Old Footprint=CAP0603 New Footprint=CAP0805
Change Component Footprint: Designator=C22_E Old Footprint=CAP0603 New Footprint=CAP0805
Change Component Footprint: Designator=C22_F Old Footprint=CAP0603 New Footprint=CAP0805
Change Component Footprint: Designator=C22_G Old Footprint=CAP0603 New Footprint=CAP0805
Change Component Footprint: Designator=C22_H Old Footprint=CAP0603 New Footprint=CAP0805
Change Component Footprint: Designator=C23_A Old Footprint=CAP0603 New Footprint=CAP0805
Change Component Footprint: Designator=C23_B Old Footprint=CAP0603 New Footprint=CAP0805
Change Component Footprint: Designator=C23_C Old Footprint=CAP0603 New Footprint=CAP0805
Change Component Footprint: Designator=C23_D Old Footprint=CAP0603 New Footprint=CAP0805
Change Component Footprint: Designator=C23_E Old Footprint=CAP0603 New Footprint=CAP0805
Change Component Footprint: Designator=C23_F Old Footprint=CAP0603 New Footprint=CAP0805
Change Component Footprint: Designator=C23_G Old Footprint=CAP0603 New Footprint=CAP0805
Change Component Footprint: Designator=C23_H Old Footprint=CAP0603 New Footprint=CAP0805
Change Component Footprint: Designator=R1 Old Footprint=RESC0603 New Footprint=RESC0805
Change Component Footprint: Designator=R2 Old Footprint=RESC0603 New Footprint=RESC0805
Change Component Footprint: Designator=R3 Old Footprint=RESC0603 New Footprint=RESC0805
Change Component Footprint: Designator=R4 Old Footprint=RESC0603 New Footprint=RESC0805
Change Component Footprint: Designator=R7 Old Footprint=RESC0603 New Footprint=RESC0805
Change Component Footprint: Designator=R8 Old Footprint=RESC0603 New Footprint=RESC0805
Change Component Footprint: Designator=R10 Old Footprint=RESC0603 New Footprint=RESC0805
Change Component Footprint: Designator=R11 Old Footprint=RESC0603 New Footprint=RESC0805
Change Component Footprint: Designator=R12 Old Footprint=RESC0603 New Footprint=RESC0805
Change Component Footprint: Designator=R13 Old Footprint=RESC0603 New Footprint=RESC0805
Change Component Footprint: Designator=R14 Old Footprint=RESC0603 New Footprint=RESC0805
Change Component Footprint: Designator=R15 Old Footprint=RESC0603 New Footprint=RESC0805
Change Component Footprint: Designator=R16 Old Footprint=RESC0603 New Footprint=RESC0805
Change Component Footprint: Designator=R17 Old Footprint=RESC0603 New Footprint=RESC0805
Change Component Footprint: Designator=R18 Old Footprint=RESC0603 New Footprint=RESC0805
Change Component Footprint: Designator=R19 Old Footprint=RESC0603 New Footprint=RESC0805
Change Component Footprint: Designator=R20 Old Footprint=RESC0603 New Footprint=RESC0805
Change Component Footprint: Designator=R21 Old Footprint=RESC0603 New Footprint=RESC0805
Change Component Footprint: Designator=R22 Old Footprint=RESC0603 New Footprint=RESC0805
Change Component Footprint: Designator=R23 Old Footprint=RESC0603 New Footprint=RESC0805
Change Component Footprint: Designator=R24 Old Footprint=RESC0603 New Footprint=RESC0805
Change Component Footprint: Designator=R25 Old Footprint=RESC0603 New Footprint=RESC0805
Change Component Footprint: Designator=R26 Old Footprint=RESC0603 New Footprint=RESC0805
Change Component Footprint: Designator=R27 Old Footprint=RESC0603 New Footprint=RESC0805
Change Component Footprint: Designator=R28 Old Footprint=RESC0603 New Footprint=RESC0805
Change Component Footprint: Designator=R29 Old Footprint=RESC0603 New Footprint=RESC0805
Change Component Footprint: Designator=R30 Old Footprint=RESC0603 New Footprint=RESC0805
Change Component Footprint: Designator=R31 Old Footprint=RESC0603 New Footprint=RESC0805
Change Component Footprint: Designator=R32 Old Footprint=RESC0603 New Footprint=RESC0805
Change Component Footprint: Designator=R33 Old Footprint=RESC0603 New Footprint=RESC0805
Change Component Footprint: Designator=R34 Old Footprint=RESC0603 New Footprint=RESC0805
Change Component Footprint: Designator=R35 Old Footprint=RESC0603 New Footprint=RESC0805
Change Component Footprint: Designator=R36 Old Footprint=RESC0603 New Footprint=RESC0805
Change Component Footprint: Designator=R37 Old Footprint=RESC0603 New Footprint=RESC0805
Change Component Footprint: Designator=R38 Old Footprint=RESC0603 New Footprint=RESC0805
Change Component Footprint: Designator=R39 Old Footprint=RESC0603 New Footprint=RESC0805
Change Component Footprint: Designator=R40 Old Footprint=RESC0603 New Footprint=RESC0805
Change Component Footprint: Designator=R41 Old Footprint=RESC0603 New Footprint=RESC0805
Change Component Footprint: Designator=R42 Old Footprint=RESC0603 New Footprint=RESC0805
Change Component Footprint: Designator=R43 Old Footprint=RESC0603 New Footprint=RESC0805
Change Component Footprint: Designator=R46_A Old Footprint=RESC0603 New Footprint=RESC0805
Change Component Footprint: Designator=R46_B Old Footprint=RESC0603 New Footprint=RESC0805
Change Component Footprint: Designator=R46_C Old Footprint=RESC0603 New Footprint=RESC0805
Change Component Footprint: Designator=R46_D Old Footprint=RESC0603 New Footprint=RESC0805
Change Component Footprint: Designator=R46_E Old Footprint=RESC0603 New Footprint=RESC0805
Change Component Footprint: Designator=R46_F Old Footprint=RESC0603 New Footprint=RESC0805
Change Component Footprint: Designator=R46_G Old Footprint=RESC0603 New Footprint=RESC0805
Change Component Footprint: Designator=R46_H Old Footprint=RESC0603 New Footprint=RESC0805
Change Component Footprint: Designator=R47_A Old Footprint=RESC0603 New Footprint=RESC0805
Change Component Footprint: Designator=R47_B Old Footprint=RESC0603 New Footprint=RESC0805
Change Component Footprint: Designator=R47_C Old Footprint=RESC0603 New Footprint=RESC0805
Change Component Footprint: Designator=R47_D Old Footprint=RESC0603 New Footprint=RESC0805
Change Component Footprint: Designator=R47_E Old Footprint=RESC0603 New Footprint=RESC0805
Change Component Footprint: Designator=R47_F Old Footprint=RESC0603 New Footprint=RESC0805
Change Component Footprint: Designator=R47_G Old Footprint=RESC0603 New Footprint=RESC0805
Change Component Footprint: Designator=R47_H Old Footprint=RESC0603 New Footprint=RESC0805
Change Component Footprint: Designator=R48_A Old Footprint=RESC0603 New Footprint=RESC0805
Change Component Footprint: Designator=R48_B Old Footprint=RESC0603 New Footprint=RESC0805
Change Component Footprint: Designator=R48_C Old Footprint=RESC0603 New Footprint=RESC0805
Change Component Footprint: Designator=R48_D Old Footprint=RESC0603 New Footprint=RESC0805
Change Component Footprint: Designator=R48_E Old Footprint=RESC0603 New Footprint=RESC0805
Change Component Footprint: Designator=R48_F Old Footprint=RESC0603 New Footprint=RESC0805
Change Component Footprint: Designator=R48_G Old Footprint=RESC0603 New Footprint=RESC0805
Change Component Footprint: Designator=R48_H Old Footprint=RESC0603 New Footprint=RESC0805
Change Component Footprint: Designator=R49_A Old Footprint=RESC0603 New Footprint=RESC0805
Change Component Footprint: Designator=R49_B Old Footprint=RESC0603 New Footprint=RESC0805
Change Component Footprint: Designator=R49_C Old Footprint=RESC0603 New Footprint=RESC0805
Change Component Footprint: Designator=R49_D Old Footprint=RESC0603 New Footprint=RESC0805
Change Component Footprint: Designator=R49_E Old Footprint=RESC0603 New Footprint=RESC0805
Change Component Footprint: Designator=R49_F Old Footprint=RESC0603 New Footprint=RESC0805
Change Component Footprint: Designator=R49_G Old Footprint=RESC0603 New Footprint=RESC0805
Change Component Footprint: Designator=R49_H Old Footprint=RESC0603 New Footprint=RESC0805
Change Component Footprint: Designator=R50_A Old Footprint=RESC0603 New Footprint=RESC0805
Change Component Footprint: Designator=R50_B Old Footprint=RESC0603 New Footprint=RESC0805
Change Component Footprint: Designator=R50_C Old Footprint=RESC0603 New Footprint=RESC0805
Change Component Footprint: Designator=R50_D Old Footprint=RESC0603 New Footprint=RESC0805
Change Component Footprint: Designator=R50_E Old Footprint=RESC0603 New Footprint=RESC0805
Change Component Footprint: Designator=R50_F Old Footprint=RESC0603 New Footprint=RESC0805
Change Component Footprint: Designator=R50_G Old Footprint=RESC0603 New Footprint=RESC0805
Change Component Footprint: Designator=R50_H Old Footprint=RESC0603 New Footprint=RESC0805
