Added Pin To Net: NetName=MIXER_OUT Pin=C1-1
Added Pin To Net: NetName=NetC1_2 Pin=C1-2
Added Pin To Net: NetName=GND Pin=C2-1
Added Pin To Net: NetName=+15 Pin=C2-2
Added Pin To Net: NetName=GND Pin=C3-1
Added Pin To Net: NetName=-15 Pin=C3-2
Added Pin To Net: NetName=+15 Pin=C4-1
Added Pin To Net: NetName=GND Pin=C4-2
Added Pin To Net: NetName=+15 Pin=C5-1
Added Pin To Net: NetName=GND Pin=C5-2
Added Pin To Net: NetName=MASTER_OUT Pin=C6-1
Added Pin To Net: NetName=NetC6_2 Pin=C6-2
Added Pin To Net: NetName=GND Pin=C7-1
Added Pin To Net: NetName=5V Pin=C7-2
Added Pin To Net: NetName=GND Pin=C8-1
Added Pin To Net: NetName=5V Pin=C8-2
Added Pin To Net: NetName=NetC9_1 Pin=C9-1
Added Pin To Net: NetName=GND Pin=C9-2
Added Pin To Net: NetName=GND Pin=C10-1
Added Pin To Net: NetName=-15 Pin=C10-2
Added Pin To Net: NetName=GND Pin=C11-1
Added Pin To Net: NetName=-15 Pin=C11-2
Added Pin To Net: NetName=NetC12_1 Pin=C12-1
Added Pin To Net: NetName=GND Pin=C12-2
Added Pin To Net: NetName=GND Pin=C13-1
Added Pin To Net: NetName=-15 Pin=C13-2
Added Pin To Net: NetName=GND Pin=C14-1
Added Pin To Net: NetName=-15 Pin=C14-2
Added Pin To Net: NetName=+15 Pin=C15-1
Added Pin To Net: NetName=GND Pin=C15-2
Added Pin To Net: NetName=+15 Pin=C16-1
Added Pin To Net: NetName=GND Pin=C16-2
Added Pin To Net: NetName=GND Pin=C17-1
Added Pin To Net: NetName=+15 Pin=C17-2
Added Pin To Net: NetName=GND Pin=C18-1
Added Pin To Net: NetName=5V Pin=C18-2
Added Pin To Net: NetName=NetC19_A_1 Pin=C19_A-1
Added Pin To Net: NetName=NetC19_A_2 Pin=C19_A-2
Added Pin To Net: NetName=NetC19_B_1 Pin=C19_B-1
Added Pin To Net: NetName=NetC19_B_2 Pin=C19_B-2
Added Pin To Net: NetName=NetC19_C_1 Pin=C19_C-1
Added Pin To Net: NetName=NetC19_C_2 Pin=C19_C-2
Added Pin To Net: NetName=NetC19_D_1 Pin=C19_D-1
Added Pin To Net: NetName=NetC19_D_2 Pin=C19_D-2
Added Pin To Net: NetName=NetC19_E_1 Pin=C19_E-1
Added Pin To Net: NetName=NetC19_E_2 Pin=C19_E-2
Added Pin To Net: NetName=NetC19_F_1 Pin=C19_F-1
Added Pin To Net: NetName=NetC19_F_2 Pin=C19_F-2
Added Pin To Net: NetName=NetC19_G_1 Pin=C19_G-1
Added Pin To Net: NetName=NetC19_G_2 Pin=C19_G-2
Added Pin To Net: NetName=NetC19_H_1 Pin=C19_H-1
Added Pin To Net: NetName=NetC19_H_2 Pin=C19_H-2
Added Pin To Net: NetName=NetC20_A_1 Pin=C20_A-1
Added Pin To Net: NetName=NetC19_A_2 Pin=C20_A-2
Added Pin To Net: NetName=NetC20_B_1 Pin=C20_B-1
Added Pin To Net: NetName=NetC19_B_2 Pin=C20_B-2
Added Pin To Net: NetName=NetC20_C_1 Pin=C20_C-1
Added Pin To Net: NetName=NetC19_C_2 Pin=C20_C-2
Added Pin To Net: NetName=NetC20_D_1 Pin=C20_D-1
Added Pin To Net: NetName=NetC19_D_2 Pin=C20_D-2
Added Pin To Net: NetName=NetC20_E_1 Pin=C20_E-1
Added Pin To Net: NetName=NetC19_E_2 Pin=C20_E-2
Added Pin To Net: NetName=NetC20_F_1 Pin=C20_F-1
Added Pin To Net: NetName=NetC19_F_2 Pin=C20_F-2
Added Pin To Net: NetName=NetC20_G_1 Pin=C20_G-1
Added Pin To Net: NetName=NetC19_G_2 Pin=C20_G-2
Added Pin To Net: NetName=NetC20_H_1 Pin=C20_H-1
Added Pin To Net: NetName=NetC19_H_2 Pin=C20_H-2
Added Pin To Net: NetName=NetC19_A_2 Pin=C21_A-1
Added Pin To Net: NetName=NetC21_A_2 Pin=C21_A-2
Added Pin To Net: NetName=NetC19_B_2 Pin=C21_B-1
Added Pin To Net: NetName=NetC21_B_2 Pin=C21_B-2
Added Pin To Net: NetName=NetC19_C_2 Pin=C21_C-1
Added Pin To Net: NetName=NetC21_C_2 Pin=C21_C-2
Added Pin To Net: NetName=NetC19_D_2 Pin=C21_D-1
Added Pin To Net: NetName=NetC21_D_2 Pin=C21_D-2
Added Pin To Net: NetName=NetC19_E_2 Pin=C21_E-1
Added Pin To Net: NetName=NetC21_E_2 Pin=C21_E-2
Added Pin To Net: NetName=NetC19_F_2 Pin=C21_F-1
Added Pin To Net: NetName=NetC21_F_2 Pin=C21_F-2
Added Pin To Net: NetName=NetC19_G_2 Pin=C21_G-1
Added Pin To Net: NetName=NetC21_G_2 Pin=C21_G-2
Added Pin To Net: NetName=NetC19_H_2 Pin=C21_H-1
Added Pin To Net: NetName=NetC21_H_2 Pin=C21_H-2
Added Pin To Net: NetName=GND Pin=C22_A-1
Added Pin To Net: NetName=+15 Pin=C22_A-2
Added Pin To Net: NetName=GND Pin=C22_B-1
Added Pin To Net: NetName=+15 Pin=C22_B-2
Added Pin To Net: NetName=GND Pin=C22_C-1
Added Pin To Net: NetName=+15 Pin=C22_C-2
Added Pin To Net: NetName=GND Pin=C22_D-1
Added Pin To Net: NetName=+15 Pin=C22_D-2
Added Pin To Net: NetName=GND Pin=C22_E-1
Added Pin To Net: NetName=+15 Pin=C22_E-2
Added Pin To Net: NetName=GND Pin=C22_F-1
Added Pin To Net: NetName=+15 Pin=C22_F-2
Added Pin To Net: NetName=GND Pin=C22_G-1
Added Pin To Net: NetName=+15 Pin=C22_G-2
Added Pin To Net: NetName=GND Pin=C22_H-1
Added Pin To Net: NetName=+15 Pin=C22_H-2
Added Pin To Net: NetName=GND Pin=C23_A-1
Added Pin To Net: NetName=-15 Pin=C23_A-2
Added Pin To Net: NetName=GND Pin=C23_B-1
Added Pin To Net: NetName=-15 Pin=C23_B-2
Added Pin To Net: NetName=GND Pin=C23_C-1
Added Pin To Net: NetName=-15 Pin=C23_C-2
Added Pin To Net: NetName=GND Pin=C23_D-1
Added Pin To Net: NetName=-15 Pin=C23_D-2
Added Pin To Net: NetName=GND Pin=C23_E-1
Added Pin To Net: NetName=-15 Pin=C23_E-2
Added Pin To Net: NetName=GND Pin=C23_F-1
Added Pin To Net: NetName=-15 Pin=C23_F-2
Added Pin To Net: NetName=GND Pin=C23_G-1
Added Pin To Net: NetName=-15 Pin=C23_G-2
Added Pin To Net: NetName=GND Pin=C23_H-1
Added Pin To Net: NetName=-15 Pin=C23_H-2
Added Pin To Net: NetName=GND Pin=D1-1
Added Pin To Net: NetName=NetD1_2 Pin=D1-2
Added Pin To Net: NetName=NetD2_1 Pin=D2-1
Added Pin To Net: NetName=NetD2_2 Pin=D2-2
Added Pin To Net: NetName=GND Pin=D3-1
Added Pin To Net: NetName=NetD3_2 Pin=D3-2
Added Pin To Net: NetName=GND Pin=D4-1
Added Pin To Net: NetName=NetD4_2 Pin=D4-2
Added Pin To Net: NetName=GND Pin=D5-1
Added Pin To Net: NetName=NetD5_2 Pin=D5-2
Added Pin To Net: NetName=GND Pin=D6-1
Added Pin To Net: NetName=NetD6_2 Pin=D6-2
Added Pin To Net: NetName=GND Pin=D7-1
Added Pin To Net: NetName=NetD7_2 Pin=D7-2
Added Pin To Net: NetName=GND Pin=D8-1
Added Pin To Net: NetName=NetD8_2 Pin=D8-2
Added Pin To Net: NetName=GND Pin=D9-1
Added Pin To Net: NetName=NetD9_2 Pin=D9-2
Added Pin To Net: NetName=GND Pin=D10-1
Added Pin To Net: NetName=NetD10_2 Pin=D10-2
Added Pin To Net: NetName=GND Pin=D11-1
Added Pin To Net: NetName=NetD11_2 Pin=D11-2
Added Pin To Net: NetName=GND Pin=D12-1
Added Pin To Net: NetName=NetD12_2 Pin=D12-2
Added Pin To Net: NetName=GND Pin=D13-1
Added Pin To Net: NetName=NetD13_2 Pin=D13-2
Added Pin To Net: NetName=GND Pin=D14-1
Added Pin To Net: NetName=NetD14_2 Pin=D14-2
Added Pin To Net: NetName=GND Pin=D15_A-1
Added Pin To Net: NetName=NetD15_A_2 Pin=D15_A-2
Added Pin To Net: NetName=GND Pin=D15_B-1
Added Pin To Net: NetName=NetD15_B_2 Pin=D15_B-2
Added Pin To Net: NetName=GND Pin=D15_C-1
Added Pin To Net: NetName=NetD15_C_2 Pin=D15_C-2
Added Pin To Net: NetName=GND Pin=D15_D-1
Added Pin To Net: NetName=NetD15_D_2 Pin=D15_D-2
Added Pin To Net: NetName=GND Pin=D15_E-1
Added Pin To Net: NetName=NetD15_E_2 Pin=D15_E-2
Added Pin To Net: NetName=GND Pin=D15_F-1
Added Pin To Net: NetName=NetD15_F_2 Pin=D15_F-2
Added Pin To Net: NetName=GND Pin=D15_G-1
Added Pin To Net: NetName=NetD15_G_2 Pin=D15_G-2
Added Pin To Net: NetName=GND Pin=D15_H-1
Added Pin To Net: NetName=NetD15_H_2 Pin=D15_H-2
Added Pin To Net: NetName=PC9 Pin=H3-1
Added Pin To Net: NetName=GND Pin=H3-2
Added Pin To Net: NetName=NetH4_1 Pin=H4-1
Added Pin To Net: NetName=MIXER_OUT Pin=H4-2
Added Pin To Net: NetName=NetH4_3 Pin=H4-3
Added Pin To Net: NetName=MIXER_OUT Pin=H5-1
Added Pin To Net: NetName=GND Pin=H5-2
Added Pin To Net: NetName=MASTER_OUT Pin=H6-1
Added Pin To Net: NetName=GND Pin=H6-2
Added Pin To Net: NetName=PC6 Pin=H7-1
Added Pin To Net: NetName=GND Pin=H7-2
Added Pin To Net: NetName=PC7 Pin=H10-1
Added Pin To Net: NetName=GND Pin=H10-2
Added Pin To Net: NetName=PC8 Pin=H12-1
Added Pin To Net: NetName=GND Pin=H12-2
Added Pin To Net: NetName=PB6 Pin=H14-1
Added Pin To Net: NetName=GND Pin=H14-2
Added Pin To Net: NetName=PB7 Pin=H15-1
Added Pin To Net: NetName=GND Pin=H15-2
Added Pin To Net: NetName=NetH16_1 Pin=H16-1
Added Pin To Net: NetName=NetD2_2 Pin=H16-2
Added Pin To Net: NetName=PB8 Pin=H17-1
Added Pin To Net: NetName=GND Pin=H17-2
Added Pin To Net: NetName=3V3 Pin=H18-1
Added Pin To Net: NetName=NetH18_2 Pin=H18-2
Added Pin To Net: NetName=NetH18_3 Pin=H18-3
Added Pin To Net: NetName=GND Pin=H18-4
Added Pin To Net: NetName=NetH19_1 Pin=H19-1
Added Pin To Net: NetName=NetH19_2 Pin=H19-2
Added Pin To Net: NetName=PA5 Pin=H20-1
Added Pin To Net: NetName=GND Pin=H20-2
Added Pin To Net: NetName=NetH21_1 Pin=H21-1
Added Pin To Net: NetName=GND Pin=H21-2
Added Pin To Net: NetName=NetH22_2 Pin=H22-2
Added Pin To Net: NetName=NetH22_3 Pin=H22-3
Added Pin To Net: NetName=GND Pin=H22-6
Added Pin To Net: NetName=+15 Pin=H23-1
Added Pin To Net: NetName=GND Pin=H23-2
Added Pin To Net: NetName=-15 Pin=H24-1
Added Pin To Net: NetName=GND Pin=H24-2
Added Pin To Net: NetName=5V Pin=H25-1
Added Pin To Net: NetName=GND Pin=H25-2
Added Pin To Net: NetName=5V Pin=H26-1
Added Pin To Net: NetName=GND Pin=H26-2
Added Pin To Net: NetName=NetH27_A_1 Pin=H27_A-1
Added Pin To Net: NetName=NetH27_A_2 Pin=H27_A-2
Added Pin To Net: NetName=NetH27_A_3 Pin=H27_A-3
Added Pin To Net: NetName=NetH27_B_1 Pin=H27_B-1
Added Pin To Net: NetName=NetH27_B_2 Pin=H27_B-2
Added Pin To Net: NetName=NetH27_B_3 Pin=H27_B-3
Added Pin To Net: NetName=NetH27_C_1 Pin=H27_C-1
Added Pin To Net: NetName=NetH27_C_2 Pin=H27_C-2
Added Pin To Net: NetName=NetH27_C_3 Pin=H27_C-3
Added Pin To Net: NetName=NetH27_D_1 Pin=H27_D-1
Added Pin To Net: NetName=NetH27_D_2 Pin=H27_D-2
Added Pin To Net: NetName=NetH27_D_3 Pin=H27_D-3
Added Pin To Net: NetName=NetH27_E_1 Pin=H27_E-1
Added Pin To Net: NetName=NetH27_E_2 Pin=H27_E-2
Added Pin To Net: NetName=NetH27_E_3 Pin=H27_E-3
Added Pin To Net: NetName=NetH27_F_1 Pin=H27_F-1
Added Pin To Net: NetName=NetH27_F_2 Pin=H27_F-2
Added Pin To Net: NetName=NetH27_F_3 Pin=H27_F-3
Added Pin To Net: NetName=NetH27_G_1 Pin=H27_G-1
Added Pin To Net: NetName=NetH27_G_2 Pin=H27_G-2
Added Pin To Net: NetName=NetH27_G_3 Pin=H27_G-3
Added Pin To Net: NetName=NetH27_H_1 Pin=H27_H-1
Added Pin To Net: NetName=NetH27_H_2 Pin=H27_H-2
Added Pin To Net: NetName=NetH27_H_3 Pin=H27_H-3
Added Pin To Net: NetName=MIXER_OUT Pin=IC1-1
Added Pin To Net: NetName=NetH21_1 Pin=IC1-2
Added Pin To Net: NetName=GND Pin=IC1-3
Added Pin To Net: NetName=-15 Pin=IC1-4
Added Pin To Net: NetName=NetIC1_5 Pin=IC1-5
Added Pin To Net: NetName=NetIC1_6 Pin=IC1-6
Added Pin To Net: NetName=MASTER_OUT Pin=IC1-7
Added Pin To Net: NetName=+15 Pin=IC1-8
Added Pin To Net: NetName=NetD2_1 Pin=IC2-2
Added Pin To Net: NetName=NetD2_2 Pin=IC2-3
Added Pin To Net: NetName=GND Pin=IC2-5
Added Pin To Net: NetName=NetH18_2 Pin=IC2-6
Added Pin To Net: NetName=NetIC2_7 Pin=IC2-7
Added Pin To Net: NetName=5V Pin=IC2-8
Added Pin To Net: NetName=NetC19_A_2 Pin=IC3_A-1
Added Pin To Net: NetName=NetIC3_A_2 Pin=IC3_A-2
Added Pin To Net: NetName=GND Pin=IC3_A-3
Added Pin To Net: NetName=-15 Pin=IC3_A-4
Added Pin To Net: NetName=GND Pin=IC3_A-5
Added Pin To Net: NetName=NetIC3_A_6 Pin=IC3_A-6
Added Pin To Net: NetName=NetH27_A_2 Pin=IC3_A-7
Added Pin To Net: NetName=+15 Pin=IC3_A-8
Added Pin To Net: NetName=NetC19_B_2 Pin=IC3_B-1
Added Pin To Net: NetName=NetIC3_B_2 Pin=IC3_B-2
Added Pin To Net: NetName=GND Pin=IC3_B-3
Added Pin To Net: NetName=-15 Pin=IC3_B-4
Added Pin To Net: NetName=GND Pin=IC3_B-5
Added Pin To Net: NetName=NetIC3_B_6 Pin=IC3_B-6
Added Pin To Net: NetName=NetH27_B_2 Pin=IC3_B-7
Added Pin To Net: NetName=+15 Pin=IC3_B-8
Added Pin To Net: NetName=NetC19_C_2 Pin=IC3_C-1
Added Pin To Net: NetName=NetIC3_C_2 Pin=IC3_C-2
Added Pin To Net: NetName=GND Pin=IC3_C-3
Added Pin To Net: NetName=-15 Pin=IC3_C-4
Added Pin To Net: NetName=GND Pin=IC3_C-5
Added Pin To Net: NetName=NetIC3_C_6 Pin=IC3_C-6
Added Pin To Net: NetName=NetH27_C_2 Pin=IC3_C-7
Added Pin To Net: NetName=+15 Pin=IC3_C-8
Added Pin To Net: NetName=NetC19_D_2 Pin=IC3_D-1
Added Pin To Net: NetName=NetIC3_D_2 Pin=IC3_D-2
Added Pin To Net: NetName=GND Pin=IC3_D-3
Added Pin To Net: NetName=-15 Pin=IC3_D-4
Added Pin To Net: NetName=GND Pin=IC3_D-5
Added Pin To Net: NetName=NetIC3_D_6 Pin=IC3_D-6
Added Pin To Net: NetName=NetH27_D_2 Pin=IC3_D-7
Added Pin To Net: NetName=+15 Pin=IC3_D-8
Added Pin To Net: NetName=NetC19_E_2 Pin=IC3_E-1
Added Pin To Net: NetName=NetIC3_E_2 Pin=IC3_E-2
Added Pin To Net: NetName=GND Pin=IC3_E-3
Added Pin To Net: NetName=-15 Pin=IC3_E-4
Added Pin To Net: NetName=GND Pin=IC3_E-5
Added Pin To Net: NetName=NetIC3_E_6 Pin=IC3_E-6
Added Pin To Net: NetName=NetH27_E_2 Pin=IC3_E-7
Added Pin To Net: NetName=+15 Pin=IC3_E-8
Added Pin To Net: NetName=NetC19_F_2 Pin=IC3_F-1
Added Pin To Net: NetName=NetIC3_F_2 Pin=IC3_F-2
Added Pin To Net: NetName=GND Pin=IC3_F-3
Added Pin To Net: NetName=-15 Pin=IC3_F-4
Added Pin To Net: NetName=GND Pin=IC3_F-5
Added Pin To Net: NetName=NetIC3_F_6 Pin=IC3_F-6
Added Pin To Net: NetName=NetH27_F_2 Pin=IC3_F-7
Added Pin To Net: NetName=+15 Pin=IC3_F-8
Added Pin To Net: NetName=NetC19_G_2 Pin=IC3_G-1
Added Pin To Net: NetName=NetIC3_G_2 Pin=IC3_G-2
Added Pin To Net: NetName=GND Pin=IC3_G-3
Added Pin To Net: NetName=-15 Pin=IC3_G-4
Added Pin To Net: NetName=GND Pin=IC3_G-5
Added Pin To Net: NetName=NetIC3_G_6 Pin=IC3_G-6
Added Pin To Net: NetName=NetH27_G_2 Pin=IC3_G-7
Added Pin To Net: NetName=+15 Pin=IC3_G-8
Added Pin To Net: NetName=NetC19_H_2 Pin=IC3_H-1
Added Pin To Net: NetName=NetIC3_H_2 Pin=IC3_H-2
Added Pin To Net: NetName=GND Pin=IC3_H-3
Added Pin To Net: NetName=-15 Pin=IC3_H-4
Added Pin To Net: NetName=GND Pin=IC3_H-5
Added Pin To Net: NetName=NetIC3_H_6 Pin=IC3_H-6
Added Pin To Net: NetName=NetH27_H_2 Pin=IC3_H-7
Added Pin To Net: NetName=+15 Pin=IC3_H-8
Added Pin To Net: NetName=NetH16_1 Pin=J1-4
Added Pin To Net: NetName=NetD2_2 Pin=J1-5
Added Pin To Net: NetName=GND Pin=J1-MH1
Added Pin To Net: NetName=GND Pin=J1-MH2
Added Pin To Net: NetName=SPEAKER_OUT Pin=J2-1
Added Pin To Net: NetName=GND Pin=J2-2
Added Pin To Net: NetName=GND Pin=J3-2
Added Pin To Net: NetName=NetH19_1 Pin=J3-4
Added Pin To Net: NetName=NetH19_2 Pin=J3-5
Added Pin To Net: NetName=GND Pin=J3-MH1
Added Pin To Net: NetName=GND Pin=J3-MH2
Added Pin To Net: NetName=+15 Pin=J4-1
Added Pin To Net: NetName=GND Pin=J4-2
Added Pin To Net: NetName=-15 Pin=J5-1
Added Pin To Net: NetName=GND Pin=J5-2
Added Pin To Net: NetName=+15 Pin=J6-1
Added Pin To Net: NetName=GND Pin=J6-2
Added Pin To Net: NetName=-15 Pin=J7-1
Added Pin To Net: NetName=GND Pin=J7-2
Added Pin To Net: NetName=NetQ1_1 Pin=Q1-1
Added Pin To Net: NetName=GND Pin=Q1-2
Added Pin To Net: NetName=NetQ1_3 Pin=Q1-3
Added Pin To Net: NetName=NetH27_A_2 Pin=R1-1
Added Pin To Net: NetName=NetH21_1 Pin=R1-2
Added Pin To Net: NetName=MASTER_OUT Pin=R2-1
Added Pin To Net: NetName=NetIC1_6 Pin=R2-2
Added Pin To Net: NetName=NetIC1_6 Pin=R3-1
Added Pin To Net: NetName=NetC1_2 Pin=R3-2
Added Pin To Net: NetName=NetH27_B_2 Pin=R4-1
Added Pin To Net: NetName=NetH21_1 Pin=R4-2
Added Pin To Net: NetName=NetH4_1 Pin=R5-1
Added Pin To Net: NetName=NetH21_1 Pin=R5-2
Added Pin To Net: NetName=NetH21_1 Pin=R5-2
Added Pin To Net: NetName=NetH21_1 Pin=R5-3
Added Pin To Net: NetName=NetH4_3 Pin=R6-1
Added Pin To Net: NetName=NetH21_1 Pin=R6-2
Added Pin To Net: NetName=NetH21_1 Pin=R6-3
Added Pin To Net: NetName=GND Pin=R6-4
Added Pin To Net: NetName=GND Pin=R6-5
Added Pin To Net: NetName=MIXER_OUT Pin=R7-1
Added Pin To Net: NetName=NetH21_1 Pin=R7-2
Added Pin To Net: NetName=MASTER_OUT Pin=R8-1
Added Pin To Net: NetName=NetD1_2 Pin=R8-2
Added Pin To Net: NetName=+15 Pin=R9-1
Added Pin To Net: NetName=NetIC1_5 Pin=R9-2
Added Pin To Net: NetName=NetIC1_5 Pin=R9-2
Added Pin To Net: NetName=-15 Pin=R9-3
Added Pin To Net: NetName=NetH27_C_2 Pin=R10-1
Added Pin To Net: NetName=NetH21_1 Pin=R10-2
Added Pin To Net: NetName=NetH27_D_2 Pin=R11-1
Added Pin To Net: NetName=NetH21_1 Pin=R11-2
Added Pin To Net: NetName=NetH27_E_2 Pin=R12-1
Added Pin To Net: NetName=NetH21_1 Pin=R12-2
Added Pin To Net: NetName=NetH27_F_2 Pin=R13-1
Added Pin To Net: NetName=NetH21_1 Pin=R13-2
Added Pin To Net: NetName=NetH16_1 Pin=R14-1
Added Pin To Net: NetName=NetD2_1 Pin=R14-2
Added Pin To Net: NetName=NetH18_2 Pin=R15-1
Added Pin To Net: NetName=3V3 Pin=R15-2
Added Pin To Net: NetName=NetH18_2 Pin=R16-1
Added Pin To Net: NetName=PB1 Pin=R16-2
Added Pin To Net: NetName=NetH27_G_2 Pin=R17-1
Added Pin To Net: NetName=NetH21_1 Pin=R17-2
Added Pin To Net: NetName=GND Pin=R18-1
Added Pin To Net: NetName=NetIC2_7 Pin=R18-2
Added Pin To Net: NetName=GND Pin=R19-1
Added Pin To Net: NetName=MASTER_OUT Pin=R19-2
Added Pin To Net: NetName=GND Pin=R20-1
Added Pin To Net: NetName=NetC6_2 Pin=R20-2
Added Pin To Net: NetName=NetC9_1 Pin=R21-1
Added Pin To Net: NetName=SPEAKER_OUT Pin=R21-2
Added Pin To Net: NetName=NetH19_1 Pin=R22-1
Added Pin To Net: NetName=5V Pin=R22-2
Added Pin To Net: NetName=NetH27_H_2 Pin=R23-1
Added Pin To Net: NetName=NetH21_1 Pin=R23-2
Added Pin To Net: NetName=NetQ1_3 Pin=R24-1
Added Pin To Net: NetName=NetH19_2 Pin=R24-2
Added Pin To Net: NetName=NetC12_1 Pin=R25-1
Added Pin To Net: NetName=NetR25_2 Pin=R25-2
Added Pin To Net: NetName=SPEAKER_OUT Pin=R26-1
Added Pin To Net: NetName=NetR25_2 Pin=R26-2
Added Pin To Net: NetName=NetH18_3 Pin=R27-1
Added Pin To Net: NetName=PB10 Pin=R27-2
Added Pin To Net: NetName=+15 Pin=R28-1
Added Pin To Net: NetName=GND Pin=R28-2
Added Pin To Net: NetName=-15 Pin=R29-1
Added Pin To Net: NetName=GND Pin=R29-2
Added Pin To Net: NetName=PC10 Pin=R30-1
Added Pin To Net: NetName=NetD3_2 Pin=R30-2
Added Pin To Net: NetName=PC12 Pin=R31-1
Added Pin To Net: NetName=NetD4_2 Pin=R31-2
Added Pin To Net: NetName=PA15 Pin=R32-1
Added Pin To Net: NetName=NetD5_2 Pin=R32-2
Added Pin To Net: NetName=PC13 Pin=R33-1
Added Pin To Net: NetName=NetD6_2 Pin=R33-2
Added Pin To Net: NetName=PC14 Pin=R34-1
Added Pin To Net: NetName=NetD7_2 Pin=R34-2
Added Pin To Net: NetName=PC15 Pin=R35-1
Added Pin To Net: NetName=NetD8_2 Pin=R35-2
Added Pin To Net: NetName=PF0 Pin=R36-1
Added Pin To Net: NetName=NetD9_2 Pin=R36-2
Added Pin To Net: NetName=PF1 Pin=R37-1
Added Pin To Net: NetName=NetD10_2 Pin=R37-2
Added Pin To Net: NetName=PC2 Pin=R38-1
Added Pin To Net: NetName=NetD11_2 Pin=R38-2
Added Pin To Net: NetName=PC3 Pin=R39-1
Added Pin To Net: NetName=NetD12_2 Pin=R39-2
Added Pin To Net: NetName=PC1 Pin=R40-1
Added Pin To Net: NetName=NetD13_2 Pin=R40-2
Added Pin To Net: NetName=PC0 Pin=R41-1
Added Pin To Net: NetName=NetD14_2 Pin=R41-2
Added Pin To Net: NetName=NetH22_2 Pin=R42-1
Added Pin To Net: NetName=PB14 Pin=R42-2
Added Pin To Net: NetName=NetH22_3 Pin=R43-1
Added Pin To Net: NetName=PB15 Pin=R43-2
Added Pin To Net: NetName=NetH27_A_1 Pin=R44_A-1
Added Pin To Net: NetName=NetIC3_A_6 Pin=R44_A-2
Added Pin To Net: NetName=NetIC3_A_6 Pin=R44_A-2
Added Pin To Net: NetName=NetIC3_A_6 Pin=R44_A-3
Added Pin To Net: NetName=NetH27_B_1 Pin=R44_B-1
Added Pin To Net: NetName=NetIC3_B_6 Pin=R44_B-2
Added Pin To Net: NetName=NetIC3_B_6 Pin=R44_B-2
Added Pin To Net: NetName=NetIC3_B_6 Pin=R44_B-3
Added Pin To Net: NetName=NetH27_C_1 Pin=R44_C-1
Added Pin To Net: NetName=NetIC3_C_6 Pin=R44_C-2
Added Pin To Net: NetName=NetIC3_C_6 Pin=R44_C-2
Added Pin To Net: NetName=NetIC3_C_6 Pin=R44_C-3
Added Pin To Net: NetName=NetH27_D_1 Pin=R44_D-1
Added Pin To Net: NetName=NetIC3_D_6 Pin=R44_D-2
Added Pin To Net: NetName=NetIC3_D_6 Pin=R44_D-2
Added Pin To Net: NetName=NetIC3_D_6 Pin=R44_D-3
Added Pin To Net: NetName=NetH27_E_1 Pin=R44_E-1
Added Pin To Net: NetName=NetIC3_E_6 Pin=R44_E-2
Added Pin To Net: NetName=NetIC3_E_6 Pin=R44_E-2
Added Pin To Net: NetName=NetIC3_E_6 Pin=R44_E-3
Added Pin To Net: NetName=NetH27_F_1 Pin=R44_F-1
Added Pin To Net: NetName=NetIC3_F_6 Pin=R44_F-2
Added Pin To Net: NetName=NetIC3_F_6 Pin=R44_F-2
Added Pin To Net: NetName=NetIC3_F_6 Pin=R44_F-3
Added Pin To Net: NetName=NetH27_G_1 Pin=R44_G-1
Added Pin To Net: NetName=NetIC3_G_6 Pin=R44_G-2
Added Pin To Net: NetName=NetIC3_G_6 Pin=R44_G-2
Added Pin To Net: NetName=NetIC3_G_6 Pin=R44_G-3
Added Pin To Net: NetName=NetH27_H_1 Pin=R44_H-1
Added Pin To Net: NetName=NetIC3_H_6 Pin=R44_H-2
Added Pin To Net: NetName=NetIC3_H_6 Pin=R44_H-2
Added Pin To Net: NetName=NetIC3_H_6 Pin=R44_H-3
Added Pin To Net: NetName=NetH27_A_3 Pin=R45_A-1
Added Pin To Net: NetName=NetIC3_A_6 Pin=R45_A-2
Added Pin To Net: NetName=NetIC3_A_6 Pin=R45_A-3
Added Pin To Net: NetName=GND Pin=R45_A-4
Added Pin To Net: NetName=GND Pin=R45_A-5
Added Pin To Net: NetName=NetH27_B_3 Pin=R45_B-1
Added Pin To Net: NetName=NetIC3_B_6 Pin=R45_B-2
Added Pin To Net: NetName=NetIC3_B_6 Pin=R45_B-3
Added Pin To Net: NetName=GND Pin=R45_B-4
Added Pin To Net: NetName=GND Pin=R45_B-5
Added Pin To Net: NetName=NetH27_C_3 Pin=R45_C-1
Added Pin To Net: NetName=NetIC3_C_6 Pin=R45_C-2
Added Pin To Net: NetName=NetIC3_C_6 Pin=R45_C-3
Added Pin To Net: NetName=GND Pin=R45_C-4
Added Pin To Net: NetName=GND Pin=R45_C-5
Added Pin To Net: NetName=NetH27_D_3 Pin=R45_D-1
Added Pin To Net: NetName=NetIC3_D_6 Pin=R45_D-2
Added Pin To Net: NetName=NetIC3_D_6 Pin=R45_D-3
Added Pin To Net: NetName=GND Pin=R45_D-4
Added Pin To Net: NetName=GND Pin=R45_D-5
Added Pin To Net: NetName=NetH27_E_3 Pin=R45_E-1
Added Pin To Net: NetName=NetIC3_E_6 Pin=R45_E-2
Added Pin To Net: NetName=NetIC3_E_6 Pin=R45_E-3
Added Pin To Net: NetName=GND Pin=R45_E-4
Added Pin To Net: NetName=GND Pin=R45_E-5
Added Pin To Net: NetName=NetH27_F_3 Pin=R45_F-1
Added Pin To Net: NetName=NetIC3_F_6 Pin=R45_F-2
Added Pin To Net: NetName=NetIC3_F_6 Pin=R45_F-3
Added Pin To Net: NetName=GND Pin=R45_F-4
Added Pin To Net: NetName=GND Pin=R45_F-5
Added Pin To Net: NetName=NetH27_G_3 Pin=R45_G-1
Added Pin To Net: NetName=NetIC3_G_6 Pin=R45_G-2
Added Pin To Net: NetName=NetIC3_G_6 Pin=R45_G-3
Added Pin To Net: NetName=GND Pin=R45_G-4
Added Pin To Net: NetName=GND Pin=R45_G-5
Added Pin To Net: NetName=NetH27_H_3 Pin=R45_H-1
Added Pin To Net: NetName=NetIC3_H_6 Pin=R45_H-2
Added Pin To Net: NetName=NetIC3_H_6 Pin=R45_H-3
Added Pin To Net: NetName=GND Pin=R45_H-4
Added Pin To Net: NetName=GND Pin=R45_H-5
Added Pin To Net: NetName=NetH27_A_2 Pin=R46_A-1
Added Pin To Net: NetName=NetIC3_A_6 Pin=R46_A-2
Added Pin To Net: NetName=NetH27_B_2 Pin=R46_B-1
Added Pin To Net: NetName=NetIC3_B_6 Pin=R46_B-2
Added Pin To Net: NetName=NetH27_C_2 Pin=R46_C-1
Added Pin To Net: NetName=NetIC3_C_6 Pin=R46_C-2
Added Pin To Net: NetName=NetH27_D_2 Pin=R46_D-1
Added Pin To Net: NetName=NetIC3_D_6 Pin=R46_D-2
Added Pin To Net: NetName=NetH27_E_2 Pin=R46_E-1
Added Pin To Net: NetName=NetIC3_E_6 Pin=R46_E-2
Added Pin To Net: NetName=NetH27_F_2 Pin=R46_F-1
Added Pin To Net: NetName=NetIC3_F_6 Pin=R46_F-2
Added Pin To Net: NetName=NetH27_G_2 Pin=R46_G-1
Added Pin To Net: NetName=NetIC3_G_6 Pin=R46_G-2
Added Pin To Net: NetName=NetH27_H_2 Pin=R46_H-1
Added Pin To Net: NetName=NetIC3_H_6 Pin=R46_H-2
Added Pin To Net: NetName=NetC19_A_2 Pin=R47_A-1
Added Pin To Net: NetName=NetIC3_A_2 Pin=R47_A-2
Added Pin To Net: NetName=NetC19_B_2 Pin=R47_B-1
Added Pin To Net: NetName=NetIC3_B_2 Pin=R47_B-2
Added Pin To Net: NetName=NetC19_C_2 Pin=R47_C-1
Added Pin To Net: NetName=NetIC3_C_2 Pin=R47_C-2
Added Pin To Net: NetName=NetC19_D_2 Pin=R47_D-1
Added Pin To Net: NetName=NetIC3_D_2 Pin=R47_D-2
Added Pin To Net: NetName=NetC19_E_2 Pin=R47_E-1
Added Pin To Net: NetName=NetIC3_E_2 Pin=R47_E-2
Added Pin To Net: NetName=NetC19_F_2 Pin=R47_F-1
Added Pin To Net: NetName=NetIC3_F_2 Pin=R47_F-2
Added Pin To Net: NetName=NetC19_G_2 Pin=R47_G-1
Added Pin To Net: NetName=NetIC3_G_2 Pin=R47_G-2
Added Pin To Net: NetName=NetC19_H_2 Pin=R47_H-1
Added Pin To Net: NetName=NetIC3_H_2 Pin=R47_H-2
Added Pin To Net: NetName=NetIC3_A_2 Pin=R48_A-1
Added Pin To Net: NetName=PC9 Pin=R48_A-2
Added Pin To Net: NetName=NetIC3_B_2 Pin=R48_B-1
Added Pin To Net: NetName=PC6 Pin=R48_B-2
Added Pin To Net: NetName=NetIC3_C_2 Pin=R48_C-1
Added Pin To Net: NetName=PC7 Pin=R48_C-2
Added Pin To Net: NetName=NetIC3_D_2 Pin=R48_D-1
Added Pin To Net: NetName=PC8 Pin=R48_D-2
Added Pin To Net: NetName=NetIC3_E_2 Pin=R48_E-1
Added Pin To Net: NetName=PB6 Pin=R48_E-2
Added Pin To Net: NetName=NetIC3_F_2 Pin=R48_F-1
Added Pin To Net: NetName=PB7 Pin=R48_F-2
Added Pin To Net: NetName=NetIC3_G_2 Pin=R48_G-1
Added Pin To Net: NetName=PB8 Pin=R48_G-2
Added Pin To Net: NetName=NetIC3_H_2 Pin=R48_H-1
Added Pin To Net: NetName=PA5 Pin=R48_H-2
Added Pin To Net: NetName=NetIC3_A_6 Pin=R49_A-1
Added Pin To Net: NetName=NetC21_A_2 Pin=R49_A-2
Added Pin To Net: NetName=NetIC3_B_6 Pin=R49_B-1
Added Pin To Net: NetName=NetC21_B_2 Pin=R49_B-2
Added Pin To Net: NetName=NetIC3_C_6 Pin=R49_C-1
Added Pin To Net: NetName=NetC21_C_2 Pin=R49_C-2
Added Pin To Net: NetName=NetIC3_D_6 Pin=R49_D-1
Added Pin To Net: NetName=NetC21_D_2 Pin=R49_D-2
Added Pin To Net: NetName=NetIC3_E_6 Pin=R49_E-1
Added Pin To Net: NetName=NetC21_E_2 Pin=R49_E-2
Added Pin To Net: NetName=NetIC3_F_6 Pin=R49_F-1
Added Pin To Net: NetName=NetC21_F_2 Pin=R49_F-2
Added Pin To Net: NetName=NetIC3_G_6 Pin=R49_G-1
Added Pin To Net: NetName=NetC21_G_2 Pin=R49_G-2
Added Pin To Net: NetName=NetIC3_H_6 Pin=R49_H-1
Added Pin To Net: NetName=NetC21_H_2 Pin=R49_H-2
Added Pin To Net: NetName=NetH27_A_2 Pin=R50_A-1
Added Pin To Net: NetName=NetD15_A_2 Pin=R50_A-2
Added Pin To Net: NetName=NetH27_B_2 Pin=R50_B-1
Added Pin To Net: NetName=NetD15_B_2 Pin=R50_B-2
Added Pin To Net: NetName=NetH27_C_2 Pin=R50_C-1
Added Pin To Net: NetName=NetD15_C_2 Pin=R50_C-2
Added Pin To Net: NetName=NetH27_D_2 Pin=R50_D-1
Added Pin To Net: NetName=NetD15_D_2 Pin=R50_D-2
Added Pin To Net: NetName=NetH27_E_2 Pin=R50_E-1
Added Pin To Net: NetName=NetD15_E_2 Pin=R50_E-2
Added Pin To Net: NetName=NetH27_F_2 Pin=R50_F-1
Added Pin To Net: NetName=NetD15_F_2 Pin=R50_F-2
Added Pin To Net: NetName=NetH27_G_2 Pin=R50_G-1
Added Pin To Net: NetName=NetD15_G_2 Pin=R50_G-2
Added Pin To Net: NetName=NetH27_H_2 Pin=R50_H-1
Added Pin To Net: NetName=NetD15_H_2 Pin=R50_H-2
Added Pin To Net: NetName=NetC19_A_1 Pin=SW1_A-1
Added Pin To Net: NetName=NetIC3_A_2 Pin=SW1_A-2
Added Pin To Net: NetName=NetC20_A_1 Pin=SW1_A-3
Added Pin To Net: NetName=GND Pin=SW1_A-4
Added Pin To Net: NetName=GND Pin=SW1_A-5
Added Pin To Net: NetName=NetC19_B_1 Pin=SW1_B-1
Added Pin To Net: NetName=NetIC3_B_2 Pin=SW1_B-2
Added Pin To Net: NetName=NetC20_B_1 Pin=SW1_B-3
Added Pin To Net: NetName=GND Pin=SW1_B-4
Added Pin To Net: NetName=GND Pin=SW1_B-5
Added Pin To Net: NetName=NetC19_C_1 Pin=SW1_C-1
Added Pin To Net: NetName=NetIC3_C_2 Pin=SW1_C-2
Added Pin To Net: NetName=NetC20_C_1 Pin=SW1_C-3
Added Pin To Net: NetName=GND Pin=SW1_C-4
Added Pin To Net: NetName=GND Pin=SW1_C-5
Added Pin To Net: NetName=NetC19_D_1 Pin=SW1_D-1
Added Pin To Net: NetName=NetIC3_D_2 Pin=SW1_D-2
Added Pin To Net: NetName=NetC20_D_1 Pin=SW1_D-3
Added Pin To Net: NetName=GND Pin=SW1_D-4
Added Pin To Net: NetName=GND Pin=SW1_D-5
Added Pin To Net: NetName=NetC19_E_1 Pin=SW1_E-1
Added Pin To Net: NetName=NetIC3_E_2 Pin=SW1_E-2
Added Pin To Net: NetName=NetC20_E_1 Pin=SW1_E-3
Added Pin To Net: NetName=GND Pin=SW1_E-4
Added Pin To Net: NetName=GND Pin=SW1_E-5
Added Pin To Net: NetName=NetC19_F_1 Pin=SW1_F-1
Added Pin To Net: NetName=NetIC3_F_2 Pin=SW1_F-2
Added Pin To Net: NetName=NetC20_F_1 Pin=SW1_F-3
Added Pin To Net: NetName=GND Pin=SW1_F-4
Added Pin To Net: NetName=GND Pin=SW1_F-5
Added Pin To Net: NetName=NetC19_G_1 Pin=SW1_G-1
Added Pin To Net: NetName=NetIC3_G_2 Pin=SW1_G-2
Added Pin To Net: NetName=NetC20_G_1 Pin=SW1_G-3
Added Pin To Net: NetName=GND Pin=SW1_G-4
Added Pin To Net: NetName=GND Pin=SW1_G-5
Added Pin To Net: NetName=NetC19_H_1 Pin=SW1_H-1
Added Pin To Net: NetName=NetIC3_H_2 Pin=SW1_H-2
Added Pin To Net: NetName=NetC20_H_1 Pin=SW1_H-3
Added Pin To Net: NetName=GND Pin=SW1_H-4
Added Pin To Net: NetName=GND Pin=SW1_H-5
Added Pin To Net: NetName=NetC6_2 Pin=U1-1
Added Pin To Net: NetName=NetR25_2 Pin=U1-2
Added Pin To Net: NetName=-15 Pin=U1-3
Added Pin To Net: NetName=SPEAKER_OUT Pin=U1-4
Added Pin To Net: NetName=+15 Pin=U1-5
Added Pin To Net: NetName=NetH18_3 Pin=U2-2
Added Pin To Net: NetName=GND Pin=U2-3
Added Pin To Net: NetName=NetQ1_1 Pin=U2-4
Added Pin To Net: NetName=5V Pin=U2-5
Added Pin To Net: NetName=+15 Pin=U3-1
Added Pin To Net: NetName=GND Pin=U3-2
Added Pin To Net: NetName=5V Pin=U3-3
